{"/home/jaar/projects/carBooking/app/javascript/Redux/ConfigureStore.js": {"path":"/home/jaar/projects/carBooking/app/javascript/Redux/ConfigureStore.js","statementMap":{"0":{"start":{"line":8,"column":16},"end":{"line":12,"column":2}},"1":{"start":{"line":13,"column":19},"end":{"line":13,"column":51}},"2":{"start":{"line":15,"column":14},"end":{"line":15,"column":46}}},"fnMap":{},"branchMap":{},"s":{"0":2,"1":2,"2":2},"f":{},"b":{},"_coverageSchema":"1a1c01bbd47fc00a2c39e90264f33305004495a9","hash":"2f06bc008085f3111ae0ac1d0ad2fa43115a63ce"}
,"/home/jaar/projects/carBooking/app/javascript/Redux/Home/Cars.js": {"path":"/home/jaar/projects/carBooking/app/javascript/Redux/Home/Cars.js","statementMap":{"0":{"start":{"line":1,"column":18},"end":{"line":1,"column":39}},"1":{"start":{"line":2,"column":19},"end":{"line":2,"column":36}},"2":{"start":{"line":4,"column":21},"end":{"line":4,"column":23}},"3":{"start":{"line":6,"column":24},"end":{"line":9,"column":2}},"4":{"start":{"line":6,"column":38},"end":{"line":9,"column":1}},"5":{"start":{"line":11,"column":25},"end":{"line":14,"column":2}},"6":{"start":{"line":11,"column":34},"end":{"line":14,"column":1}},"7":{"start":{"line":16,"column":25},"end":{"line":30,"column":1}},"8":{"start":{"line":16,"column":31},"end":{"line":30,"column":1}},"9":{"start":{"line":17,"column":20},"end":{"line":17,"column":68}},"10":{"start":{"line":18,"column":2},"end":{"line":29,"column":7}},"11":{"start":{"line":24,"column":24},"end":{"line":24,"column":39}},"12":{"start":{"line":26,"column":6},"end":{"line":28,"column":7}},"13":{"start":{"line":27,"column":8},"end":{"line":27,"column":38}},"14":{"start":{"line":32,"column":25},"end":{"line":46,"column":1}},"15":{"start":{"line":32,"column":33},"end":{"line":46,"column":1}},"16":{"start":{"line":33,"column":20},"end":{"line":33,"column":68}},"17":{"start":{"line":34,"column":2},"end":{"line":45,"column":7}},"18":{"start":{"line":40,"column":24},"end":{"line":40,"column":39}},"19":{"start":{"line":42,"column":6},"end":{"line":44,"column":7}},"20":{"start":{"line":43,"column":8},"end":{"line":43,"column":32}},"21":{"start":{"line":48,"column":23},"end":{"line":57,"column":1}},"22":{"start":{"line":49,"column":2},"end":{"line":56,"column":3}},"23":{"start":{"line":51,"column":6},"end":{"line":51,"column":28}},"24":{"start":{"line":53,"column":6},"end":{"line":53,"column":57}},"25":{"start":{"line":53,"column":35},"end":{"line":53,"column":55}},"26":{"start":{"line":55,"column":6},"end":{"line":55,"column":19}}},"fnMap":{"0":{"name":"(anonymous_0)","decl":{"start":{"line":6,"column":24},"end":{"line":6,"column":25}},"loc":{"start":{"line":6,"column":38},"end":{"line":9,"column":1}},"line":6},"1":{"name":"(anonymous_1)","decl":{"start":{"line":11,"column":25},"end":{"line":11,"column":26}},"loc":{"start":{"line":11,"column":34},"end":{"line":14,"column":1}},"line":11},"2":{"name":"(anonymous_2)","decl":{"start":{"line":16,"column":25},"end":{"line":16,"column":26}},"loc":{"start":{"line":16,"column":31},"end":{"line":30,"column":1}},"line":16},"3":{"name":"(anonymous_3)","decl":{"start":{"line":16,"column":31},"end":{"line":16,"column":32}},"loc":{"start":{"line":16,"column":51},"end":{"line":30,"column":1}},"line":16},"4":{"name":"(anonymous_4)","decl":{"start":{"line":24,"column":10},"end":{"line":24,"column":11}},"loc":{"start":{"line":24,"column":24},"end":{"line":24,"column":39}},"line":24},"5":{"name":"(anonymous_5)","decl":{"start":{"line":25,"column":10},"end":{"line":25,"column":11}},"loc":{"start":{"line":25,"column":20},"end":{"line":29,"column":5}},"line":25},"6":{"name":"(anonymous_6)","decl":{"start":{"line":32,"column":25},"end":{"line":32,"column":26}},"loc":{"start":{"line":32,"column":33},"end":{"line":46,"column":1}},"line":32},"7":{"name":"(anonymous_7)","decl":{"start":{"line":32,"column":33},"end":{"line":32,"column":34}},"loc":{"start":{"line":32,"column":53},"end":{"line":46,"column":1}},"line":32},"8":{"name":"(anonymous_8)","decl":{"start":{"line":40,"column":10},"end":{"line":40,"column":11}},"loc":{"start":{"line":40,"column":24},"end":{"line":40,"column":39}},"line":40},"9":{"name":"(anonymous_9)","decl":{"start":{"line":41,"column":10},"end":{"line":41,"column":11}},"loc":{"start":{"line":41,"column":20},"end":{"line":45,"column":5}},"line":41},"10":{"name":"(anonymous_10)","decl":{"start":{"line":48,"column":23},"end":{"line":48,"column":24}},"loc":{"start":{"line":48,"column":57},"end":{"line":57,"column":1}},"line":48},"11":{"name":"(anonymous_11)","decl":{"start":{"line":53,"column":26},"end":{"line":53,"column":27}},"loc":{"start":{"line":53,"column":35},"end":{"line":53,"column":55}},"line":53}},"branchMap":{"0":{"loc":{"start":{"line":26,"column":6},"end":{"line":28,"column":7}},"type":"if","locations":[{"start":{"line":26,"column":6},"end":{"line":28,"column":7}},{"start":{},"end":{}}],"line":26},"1":{"loc":{"start":{"line":42,"column":6},"end":{"line":44,"column":7}},"type":"if","locations":[{"start":{"line":42,"column":6},"end":{"line":44,"column":7}},{"start":{},"end":{}}],"line":42},"2":{"loc":{"start":{"line":48,"column":24},"end":{"line":48,"column":44}},"type":"default-arg","locations":[{"start":{"line":48,"column":32},"end":{"line":48,"column":44}}],"line":48},"3":{"loc":{"start":{"line":49,"column":2},"end":{"line":56,"column":3}},"type":"switch","locations":[{"start":{"line":50,"column":4},"end":{"line":51,"column":28}},{"start":{"line":52,"column":4},"end":{"line":53,"column":57}},{"start":{"line":54,"column":4},"end":{"line":55,"column":19}}],"line":49}},"s":{"0":2,"1":2,"2":2,"3":2,"4":3,"5":2,"6":0,"7":2,"8":1,"9":1,"10":1,"11":0,"12":0,"13":0,"14":2,"15":0,"16":0,"17":0,"18":0,"19":0,"20":0,"21":2,"22":9,"23":3,"24":0,"25":0,"26":6},"f":{"0":3,"1":0,"2":1,"3":1,"4":0,"5":0,"6":0,"7":0,"8":0,"9":0,"10":9,"11":0},"b":{"0":[0,0],"1":[0,0],"2":[6],"3":[3,0,6]},"_coverageSchema":"1a1c01bbd47fc00a2c39e90264f33305004495a9","hash":"da1f305ba2f235f893c4ad66e48b95f177f45060"}
,"/home/jaar/projects/carBooking/app/javascript/Redux/Reservation/Reservation.js": {"path":"/home/jaar/projects/carBooking/app/javascript/Redux/Reservation/Reservation.js","statementMap":{"0":{"start":{"line":1,"column":27},"end":{"line":1,"column":52}},"1":{"start":{"line":2,"column":27},"end":{"line":2,"column":52}},"2":{"start":{"line":3,"column":28},"end":{"line":3,"column":64}},"3":{"start":{"line":5,"column":21},"end":{"line":5,"column":23}},"4":{"start":{"line":7,"column":24},"end":{"line":10,"column":2}},"5":{"start":{"line":7,"column":38},"end":{"line":10,"column":1}},"6":{"start":{"line":12,"column":26},"end":{"line":15,"column":2}},"7":{"start":{"line":12,"column":40},"end":{"line":15,"column":1}},"8":{"start":{"line":17,"column":32},"end":{"line":31,"column":1}},"9":{"start":{"line":17,"column":38},"end":{"line":31,"column":1}},"10":{"start":{"line":18,"column":20},"end":{"line":18,"column":68}},"11":{"start":{"line":19,"column":2},"end":{"line":30,"column":7}},"12":{"start":{"line":25,"column":24},"end":{"line":25,"column":39}},"13":{"start":{"line":27,"column":6},"end":{"line":29,"column":7}},"14":{"start":{"line":28,"column":8},"end":{"line":28,"column":33}},"15":{"start":{"line":33,"column":33},"end":{"line":48,"column":1}},"16":{"start":{"line":33,"column":59},"end":{"line":48,"column":1}},"17":{"start":{"line":34,"column":20},"end":{"line":34,"column":68}},"18":{"start":{"line":35,"column":2},"end":{"line":47,"column":7}},"19":{"start":{"line":42,"column":24},"end":{"line":42,"column":39}},"20":{"start":{"line":44,"column":6},"end":{"line":46,"column":7}},"21":{"start":{"line":45,"column":8},"end":{"line":45,"column":42}},"22":{"start":{"line":50,"column":33},"end":{"line":63,"column":1}},"23":{"start":{"line":50,"column":41},"end":{"line":63,"column":1}},"24":{"start":{"line":51,"column":20},"end":{"line":51,"column":68}},"25":{"start":{"line":52,"column":2},"end":{"line":62,"column":7}},"26":{"start":{"line":57,"column":24},"end":{"line":57,"column":39}},"27":{"start":{"line":59,"column":6},"end":{"line":61,"column":7}},"28":{"start":{"line":60,"column":8},"end":{"line":60,"column":33}},"29":{"start":{"line":65,"column":16},"end":{"line":86,"column":1}},"30":{"start":{"line":66,"column":2},"end":{"line":85,"column":3}},"31":{"start":{"line":68,"column":6},"end":{"line":72,"column":8}},"32":{"start":{"line":74,"column":6},"end":{"line":74,"column":19}},"33":{"start":{"line":76,"column":6},"end":{"line":82,"column":8}},"34":{"start":{"line":80,"column":59},"end":{"line":80,"column":92}},"35":{"start":{"line":84,"column":6},"end":{"line":84,"column":19}}},"fnMap":{"0":{"name":"(anonymous_0)","decl":{"start":{"line":7,"column":24},"end":{"line":7,"column":25}},"loc":{"start":{"line":7,"column":38},"end":{"line":10,"column":1}},"line":7},"1":{"name":"(anonymous_1)","decl":{"start":{"line":12,"column":26},"end":{"line":12,"column":27}},"loc":{"start":{"line":12,"column":40},"end":{"line":15,"column":1}},"line":12},"2":{"name":"(anonymous_2)","decl":{"start":{"line":17,"column":32},"end":{"line":17,"column":33}},"loc":{"start":{"line":17,"column":38},"end":{"line":31,"column":1}},"line":17},"3":{"name":"(anonymous_3)","decl":{"start":{"line":17,"column":38},"end":{"line":17,"column":39}},"loc":{"start":{"line":17,"column":58},"end":{"line":31,"column":1}},"line":17},"4":{"name":"(anonymous_4)","decl":{"start":{"line":25,"column":10},"end":{"line":25,"column":11}},"loc":{"start":{"line":25,"column":24},"end":{"line":25,"column":39}},"line":25},"5":{"name":"(anonymous_5)","decl":{"start":{"line":26,"column":10},"end":{"line":26,"column":11}},"loc":{"start":{"line":26,"column":20},"end":{"line":30,"column":5}},"line":26},"6":{"name":"(anonymous_6)","decl":{"start":{"line":33,"column":33},"end":{"line":33,"column":34}},"loc":{"start":{"line":33,"column":59},"end":{"line":48,"column":1}},"line":33},"7":{"name":"(anonymous_7)","decl":{"start":{"line":33,"column":59},"end":{"line":33,"column":60}},"loc":{"start":{"line":33,"column":71},"end":{"line":48,"column":1}},"line":33},"8":{"name":"(anonymous_8)","decl":{"start":{"line":42,"column":10},"end":{"line":42,"column":11}},"loc":{"start":{"line":42,"column":24},"end":{"line":42,"column":39}},"line":42},"9":{"name":"(anonymous_9)","decl":{"start":{"line":43,"column":10},"end":{"line":43,"column":11}},"loc":{"start":{"line":43,"column":20},"end":{"line":47,"column":5}},"line":43},"10":{"name":"(anonymous_10)","decl":{"start":{"line":50,"column":33},"end":{"line":50,"column":34}},"loc":{"start":{"line":50,"column":41},"end":{"line":63,"column":1}},"line":50},"11":{"name":"(anonymous_11)","decl":{"start":{"line":50,"column":41},"end":{"line":50,"column":42}},"loc":{"start":{"line":50,"column":61},"end":{"line":63,"column":1}},"line":50},"12":{"name":"(anonymous_12)","decl":{"start":{"line":57,"column":10},"end":{"line":57,"column":11}},"loc":{"start":{"line":57,"column":24},"end":{"line":57,"column":39}},"line":57},"13":{"name":"(anonymous_13)","decl":{"start":{"line":58,"column":10},"end":{"line":58,"column":11}},"loc":{"start":{"line":58,"column":20},"end":{"line":62,"column":5}},"line":58},"14":{"name":"(anonymous_14)","decl":{"start":{"line":65,"column":16},"end":{"line":65,"column":17}},"loc":{"start":{"line":65,"column":50},"end":{"line":86,"column":1}},"line":65},"15":{"name":"(anonymous_15)","decl":{"start":{"line":80,"column":41},"end":{"line":80,"column":42}},"loc":{"start":{"line":80,"column":59},"end":{"line":80,"column":92}},"line":80}},"branchMap":{"0":{"loc":{"start":{"line":27,"column":6},"end":{"line":29,"column":7}},"type":"if","locations":[{"start":{"line":27,"column":6},"end":{"line":29,"column":7}},{"start":{},"end":{}}],"line":27},"1":{"loc":{"start":{"line":44,"column":6},"end":{"line":46,"column":7}},"type":"if","locations":[{"start":{"line":44,"column":6},"end":{"line":46,"column":7}},{"start":{},"end":{}}],"line":44},"2":{"loc":{"start":{"line":59,"column":6},"end":{"line":61,"column":7}},"type":"if","locations":[{"start":{"line":59,"column":6},"end":{"line":61,"column":7}},{"start":{},"end":{}}],"line":59},"3":{"loc":{"start":{"line":65,"column":17},"end":{"line":65,"column":37}},"type":"default-arg","locations":[{"start":{"line":65,"column":25},"end":{"line":65,"column":37}}],"line":65},"4":{"loc":{"start":{"line":66,"column":2},"end":{"line":85,"column":3}},"type":"switch","locations":[{"start":{"line":67,"column":4},"end":{"line":72,"column":8}},{"start":{"line":73,"column":4},"end":{"line":74,"column":19}},{"start":{"line":75,"column":4},"end":{"line":82,"column":8}},{"start":{"line":83,"column":4},"end":{"line":84,"column":19}}],"line":66}},"s":{"0":2,"1":2,"2":2,"3":2,"4":2,"5":0,"6":2,"7":0,"8":2,"9":0,"10":0,"11":0,"12":0,"13":0,"14":0,"15":2,"16":0,"17":0,"18":0,"19":0,"20":0,"21":0,"22":2,"23":0,"24":0,"25":0,"26":0,"27":0,"28":0,"29":2,"30":9,"31":0,"32":0,"33":0,"34":0,"35":9},"f":{"0":0,"1":0,"2":0,"3":0,"4":0,"5":0,"6":0,"7":0,"8":0,"9":0,"10":0,"11":0,"12":0,"13":0,"14":9,"15":0},"b":{"0":[0,0],"1":[0,0],"2":[0,0],"3":[6],"4":[0,0,0,9]},"_coverageSchema":"1a1c01bbd47fc00a2c39e90264f33305004495a9","hash":"f8ff3e4d53d3f1f1ebd74ff50d0b7f1225b496c3"}
,"/home/jaar/projects/carBooking/app/javascript/Redux/Session/Session.js": {"path":"/home/jaar/projects/carBooking/app/javascript/Redux/Session/Session.js","statementMap":{"0":{"start":{"line":1,"column":19},"end":{"line":1,"column":44}},"1":{"start":{"line":2,"column":18},"end":{"line":2,"column":42}},"2":{"start":{"line":4,"column":21},"end":{"line":4,"column":69}},"3":{"start":{"line":5,"column":19},"end":{"line":5,"column":58}},"4":{"start":{"line":6,"column":0},"end":{"line":8,"column":1}},"5":{"start":{"line":7,"column":2},"end":{"line":7,"column":89}},"6":{"start":{"line":10,"column":26},"end":{"line":13,"column":2}},"7":{"start":{"line":10,"column":40},"end":{"line":13,"column":1}},"8":{"start":{"line":15,"column":22},"end":{"line":18,"column":2}},"9":{"start":{"line":15,"column":36},"end":{"line":18,"column":1}},"10":{"start":{"line":20,"column":31},"end":{"line":34,"column":1}},"11":{"start":{"line":20,"column":45},"end":{"line":34,"column":1}},"12":{"start":{"line":21,"column":2},"end":{"line":33,"column":7}},"13":{"start":{"line":28,"column":24},"end":{"line":28,"column":39}},"14":{"start":{"line":30,"column":6},"end":{"line":32,"column":7}},"15":{"start":{"line":31,"column":8},"end":{"line":31,"column":35}},"16":{"start":{"line":36,"column":25},"end":{"line":50,"column":1}},"17":{"start":{"line":36,"column":39},"end":{"line":50,"column":1}},"18":{"start":{"line":37,"column":2},"end":{"line":49,"column":7}},"19":{"start":{"line":44,"column":24},"end":{"line":44,"column":39}},"20":{"start":{"line":46,"column":6},"end":{"line":48,"column":7}},"21":{"start":{"line":47,"column":8},"end":{"line":47,"column":35}},"22":{"start":{"line":52,"column":27},"end":{"line":54,"column":1}},"23":{"start":{"line":53,"column":2},"end":{"line":53,"column":97}},"24":{"start":{"line":56,"column":23},"end":{"line":71,"column":1}},"25":{"start":{"line":57,"column":2},"end":{"line":70,"column":3}},"26":{"start":{"line":59,"column":6},"end":{"line":59,"column":41}},"27":{"start":{"line":60,"column":6},"end":{"line":64,"column":8}},"28":{"start":{"line":66,"column":6},"end":{"line":66,"column":46}},"29":{"start":{"line":67,"column":6},"end":{"line":67,"column":53}},"30":{"start":{"line":69,"column":6},"end":{"line":69,"column":19}}},"fnMap":{"0":{"name":"(anonymous_0)","decl":{"start":{"line":10,"column":26},"end":{"line":10,"column":27}},"loc":{"start":{"line":10,"column":40},"end":{"line":13,"column":1}},"line":10},"1":{"name":"(anonymous_1)","decl":{"start":{"line":15,"column":22},"end":{"line":15,"column":23}},"loc":{"start":{"line":15,"column":36},"end":{"line":18,"column":1}},"line":15},"2":{"name":"(anonymous_2)","decl":{"start":{"line":20,"column":31},"end":{"line":20,"column":32}},"loc":{"start":{"line":20,"column":45},"end":{"line":34,"column":1}},"line":20},"3":{"name":"(anonymous_3)","decl":{"start":{"line":20,"column":45},"end":{"line":20,"column":46}},"loc":{"start":{"line":20,"column":65},"end":{"line":34,"column":1}},"line":20},"4":{"name":"(anonymous_4)","decl":{"start":{"line":28,"column":10},"end":{"line":28,"column":11}},"loc":{"start":{"line":28,"column":24},"end":{"line":28,"column":39}},"line":28},"5":{"name":"(anonymous_5)","decl":{"start":{"line":29,"column":10},"end":{"line":29,"column":11}},"loc":{"start":{"line":29,"column":20},"end":{"line":33,"column":5}},"line":29},"6":{"name":"(anonymous_6)","decl":{"start":{"line":36,"column":25},"end":{"line":36,"column":26}},"loc":{"start":{"line":36,"column":39},"end":{"line":50,"column":1}},"line":36},"7":{"name":"(anonymous_7)","decl":{"start":{"line":36,"column":39},"end":{"line":36,"column":40}},"loc":{"start":{"line":36,"column":59},"end":{"line":50,"column":1}},"line":36},"8":{"name":"(anonymous_8)","decl":{"start":{"line":44,"column":10},"end":{"line":44,"column":11}},"loc":{"start":{"line":44,"column":24},"end":{"line":44,"column":39}},"line":44},"9":{"name":"(anonymous_9)","decl":{"start":{"line":45,"column":10},"end":{"line":45,"column":11}},"loc":{"start":{"line":45,"column":20},"end":{"line":49,"column":5}},"line":45},"10":{"name":"(anonymous_10)","decl":{"start":{"line":52,"column":27},"end":{"line":52,"column":28}},"loc":{"start":{"line":52,"column":37},"end":{"line":54,"column":1}},"line":52},"11":{"name":"(anonymous_11)","decl":{"start":{"line":56,"column":23},"end":{"line":56,"column":24}},"loc":{"start":{"line":56,"column":57},"end":{"line":71,"column":1}},"line":56}},"branchMap":{"0":{"loc":{"start":{"line":6,"column":0},"end":{"line":8,"column":1}},"type":"if","locations":[{"start":{"line":6,"column":0},"end":{"line":8,"column":1}},{"start":{},"end":{}}],"line":6},"1":{"loc":{"start":{"line":30,"column":6},"end":{"line":32,"column":7}},"type":"if","locations":[{"start":{"line":30,"column":6},"end":{"line":32,"column":7}},{"start":{},"end":{}}],"line":30},"2":{"loc":{"start":{"line":46,"column":6},"end":{"line":48,"column":7}},"type":"if","locations":[{"start":{"line":46,"column":6},"end":{"line":48,"column":7}},{"start":{},"end":{}}],"line":46},"3":{"loc":{"start":{"line":56,"column":24},"end":{"line":56,"column":44}},"type":"default-arg","locations":[{"start":{"line":56,"column":32},"end":{"line":56,"column":44}}],"line":56},"4":{"loc":{"start":{"line":57,"column":2},"end":{"line":70,"column":3}},"type":"switch","locations":[{"start":{"line":58,"column":4},"end":{"line":64,"column":8}},{"start":{"line":65,"column":4},"end":{"line":67,"column":53}},{"start":{"line":68,"column":4},"end":{"line":69,"column":19}}],"line":57}},"s":{"0":2,"1":2,"2":2,"3":2,"4":2,"5":0,"6":2,"7":0,"8":2,"9":0,"10":2,"11":0,"12":0,"13":0,"14":0,"15":0,"16":2,"17":0,"18":0,"19":0,"20":0,"21":0,"22":2,"23":0,"24":2,"25":9,"26":0,"27":0,"28":0,"29":0,"30":9},"f":{"0":0,"1":0,"2":0,"3":0,"4":0,"5":0,"6":0,"7":0,"8":0,"9":0,"10":0,"11":9},"b":{"0":[0,2],"1":[0,0],"2":[0,0],"3":[6],"4":[0,0,9]},"_coverageSchema":"1a1c01bbd47fc00a2c39e90264f33305004495a9","hash":"d2df75ffd8f7432615b320e2af15a9b6b7442c8d"}
,"/home/jaar/projects/carBooking/app/javascript/components/Loading.js": {"path":"/home/jaar/projects/carBooking/app/javascript/components/Loading.js","statementMap":{"0":{"start":{"line":4,"column":16},"end":{"line":13,"column":1}},"1":{"start":{"line":5,"column":2},"end":{"line":12,"column":10}}},"fnMap":{"0":{"name":"(anonymous_0)","decl":{"start":{"line":4,"column":16},"end":{"line":4,"column":17}},"loc":{"start":{"line":5,"column":2},"end":{"line":12,"column":10}},"line":5}},"branchMap":{},"s":{"0":1,"1":1},"f":{"0":1},"b":{},"_coverageSchema":"1a1c01bbd47fc00a2c39e90264f33305004495a9","hash":"df209003b47785d90f6fe26822c2eb24b2a0c604"}
,"/home/jaar/projects/carBooking/app/javascript/components/Home/Car.js": {"path":"/home/jaar/projects/carBooking/app/javascript/components/Home/Car.js","statementMap":{"0":{"start":{"line":7,"column":12},"end":{"line":40,"column":1}},"1":{"start":{"line":8,"column":32},"end":{"line":8,"column":37}},"2":{"start":{"line":11,"column":6},"end":{"line":11,"column":9}},"3":{"start":{"line":13,"column":2},"end":{"line":39,"column":4}},"4":{"start":{"line":21,"column":25},"end":{"line":21,"column":61}},"5":{"start":{"line":42,"column":0},"end":{"line":51,"column":2}}},"fnMap":{"0":{"name":"(anonymous_0)","decl":{"start":{"line":7,"column":12},"end":{"line":7,"column":13}},"loc":{"start":{"line":7,"column":23},"end":{"line":40,"column":1}},"line":7},"1":{"name":"(anonymous_1)","decl":{"start":{"line":21,"column":19},"end":{"line":21,"column":20}},"loc":{"start":{"line":21,"column":25},"end":{"line":21,"column":61}},"line":21}},"branchMap":{},"s":{"0":1,"1":14,"2":14,"3":14,"4":0,"5":1},"f":{"0":14,"1":0},"b":{},"_coverageSchema":"1a1c01bbd47fc00a2c39e90264f33305004495a9","hash":"080c78a93de30607365c99921197e5dcb61fab5b"}
,"/home/jaar/projects/carBooking/app/javascript/components/Home/CarList.js": {"path":"/home/jaar/projects/carBooking/app/javascript/components/Home/CarList.js","statementMap":{"0":{"start":{"line":9,"column":16},"end":{"line":88,"column":1}},"1":{"start":{"line":10,"column":33},"end":{"line":10,"column":38}},"2":{"start":{"line":11,"column":26},"end":{"line":11,"column":37}},"3":{"start":{"line":12,"column":44},"end":{"line":12,"column":55}},"4":{"start":{"line":14,"column":22},"end":{"line":16,"column":3}},"5":{"start":{"line":15,"column":4},"end":{"line":15,"column":22}},"6":{"start":{"line":18,"column":23},"end":{"line":20,"column":3}},"7":{"start":{"line":19,"column":4},"end":{"line":19,"column":22}},"8":{"start":{"line":22,"column":28},"end":{"line":24,"column":3}},"9":{"start":{"line":23,"column":4},"end":{"line":23,"column":40}},"10":{"start":{"line":26,"column":29},"end":{"line":28,"column":3}},"11":{"start":{"line":27,"column":4},"end":{"line":27,"column":40}},"12":{"start":{"line":30,"column":2},"end":{"line":87,"column":4}},"13":{"start":{"line":46,"column":18},"end":{"line":50,"column":20}},"14":{"start":{"line":63,"column":18},"end":{"line":67,"column":20}},"15":{"start":{"line":90,"column":0},"end":{"line":93,"column":2}}},"fnMap":{"0":{"name":"(anonymous_0)","decl":{"start":{"line":9,"column":16},"end":{"line":9,"column":17}},"loc":{"start":{"line":9,"column":27},"end":{"line":88,"column":1}},"line":9},"1":{"name":"(anonymous_1)","decl":{"start":{"line":14,"column":22},"end":{"line":14,"column":23}},"loc":{"start":{"line":14,"column":28},"end":{"line":16,"column":3}},"line":14},"2":{"name":"(anonymous_2)","decl":{"start":{"line":18,"column":23},"end":{"line":18,"column":24}},"loc":{"start":{"line":18,"column":29},"end":{"line":20,"column":3}},"line":18},"3":{"name":"(anonymous_3)","decl":{"start":{"line":22,"column":28},"end":{"line":22,"column":29}},"loc":{"start":{"line":22,"column":34},"end":{"line":24,"column":3}},"line":22},"4":{"name":"(anonymous_4)","decl":{"start":{"line":26,"column":29},"end":{"line":26,"column":30}},"loc":{"start":{"line":26,"column":35},"end":{"line":28,"column":3}},"line":26},"5":{"name":"(anonymous_5)","decl":{"start":{"line":45,"column":25},"end":{"line":45,"column":26}},"loc":{"start":{"line":46,"column":18},"end":{"line":50,"column":20}},"line":46},"6":{"name":"(anonymous_6)","decl":{"start":{"line":62,"column":25},"end":{"line":62,"column":26}},"loc":{"start":{"line":63,"column":18},"end":{"line":67,"column":20}},"line":63}},"branchMap":{},"s":{"0":1,"1":1,"2":1,"3":1,"4":1,"5":0,"6":1,"7":0,"8":1,"9":0,"10":1,"11":0,"12":1,"13":7,"14":7,"15":1},"f":{"0":1,"1":0,"2":0,"3":0,"4":0,"5":7,"6":7},"b":{},"_coverageSchema":"1a1c01bbd47fc00a2c39e90264f33305004495a9","hash":"24c7d1ec1da56ec27781787632b245ba60fd2e31"}
,"/home/jaar/projects/carBooking/app/javascript/components/Home/CarShownPage.js": {"path":"/home/jaar/projects/carBooking/app/javascript/components/Home/CarShownPage.js","statementMap":{"0":{"start":{"line":10,"column":21},"end":{"line":64,"column":1}},"1":{"start":{"line":11,"column":41},"end":{"line":11,"column":46}},"2":{"start":{"line":15,"column":7},"end":{"line":15,"column":92}},"3":{"start":{"line":17,"column":2},"end":{"line":63,"column":4}},"4":{"start":{"line":20,"column":65},"end":{"line":20,"column":102}},"5":{"start":{"line":66,"column":0},"end":{"line":77,"column":2}}},"fnMap":{"0":{"name":"(anonymous_0)","decl":{"start":{"line":10,"column":21},"end":{"line":10,"column":22}},"loc":{"start":{"line":10,"column":32},"end":{"line":64,"column":1}},"line":10},"1":{"name":"(anonymous_1)","decl":{"start":{"line":20,"column":59},"end":{"line":20,"column":60}},"loc":{"start":{"line":20,"column":65},"end":{"line":20,"column":102}},"line":20}},"branchMap":{"0":{"loc":{"start":{"line":15,"column":7},"end":{"line":15,"column":92}},"type":"cond-expr","locations":[{"start":{"line":15,"column":13},"end":{"line":15,"column":16}},{"start":{"line":15,"column":19},"end":{"line":15,"column":92}}],"line":15},"1":{"loc":{"start":{"line":18,"column":4},"end":{"line":62,"column":17}},"type":"cond-expr","locations":[{"start":{"line":19,"column":4},"end":{"line":60,"column":12}},{"start":{"line":62,"column":6},"end":{"line":62,"column":17}}],"line":18},"2":{"loc":{"start":{"line":19,"column":76},"end":{"line":19,"column":109}},"type":"cond-expr","locations":[{"start":{"line":19,"column":86},"end":{"line":19,"column":96}},{"start":{"line":19,"column":99},"end":{"line":19,"column":109}}],"line":19}},"s":{"0":1,"1":1,"2":1,"3":1,"4":0,"5":1},"f":{"0":1,"1":0},"b":{"0":[0,1],"1":[0,1],"2":[0,0]},"_coverageSchema":"1a1c01bbd47fc00a2c39e90264f33305004495a9","hash":"e093acca7d70309a3f522ea3f450b3e85855c844"}
,"/home/jaar/projects/carBooking/app/javascript/components/Home/HomeAbuttons.js": {"path":"/home/jaar/projects/carBooking/app/javascript/components/Home/HomeAbuttons.js","statementMap":{"0":{"start":{"line":5,"column":21},"end":{"line":30,"column":1}},"1":{"start":{"line":8,"column":6},"end":{"line":8,"column":11}},"2":{"start":{"line":10,"column":2},"end":{"line":29,"column":4}},"3":{"start":{"line":32,"column":0},"end":{"line":37,"column":2}}},"fnMap":{"0":{"name":"(anonymous_0)","decl":{"start":{"line":5,"column":21},"end":{"line":5,"column":22}},"loc":{"start":{"line":5,"column":32},"end":{"line":30,"column":1}},"line":5}},"branchMap":{"0":{"loc":{"start":{"line":13,"column":74},"end":{"line":13,"column":121}},"type":"cond-expr","locations":[{"start":{"line":13,"column":87},"end":{"line":13,"column":107}},{"start":{"line":13,"column":110},"end":{"line":13,"column":121}}],"line":13},"1":{"loc":{"start":{"line":21,"column":72},"end":{"line":21,"column":140}},"type":"cond-expr","locations":[{"start":{"line":21,"column":104},"end":{"line":21,"column":125}},{"start":{"line":21,"column":128},"end":{"line":21,"column":140}}],"line":21}},"s":{"0":1,"1":1,"2":1,"3":1},"f":{"0":1},"b":{"0":[1,0],"1":[0,1]},"_coverageSchema":"1a1c01bbd47fc00a2c39e90264f33305004495a9","hash":"4343baaa66334cf0f216a06a8c0ac8d92e7d6bf8"}
,"/home/jaar/projects/carBooking/app/javascript/components/Home/HomeBbuttons.js": {"path":"/home/jaar/projects/carBooking/app/javascript/components/Home/HomeBbuttons.js","statementMap":{"0":{"start":{"line":5,"column":21},"end":{"line":31,"column":1}},"1":{"start":{"line":8,"column":6},"end":{"line":8,"column":11}},"2":{"start":{"line":10,"column":2},"end":{"line":30,"column":4}},"3":{"start":{"line":33,"column":0},"end":{"line":38,"column":2}}},"fnMap":{"0":{"name":"(anonymous_0)","decl":{"start":{"line":5,"column":21},"end":{"line":5,"column":22}},"loc":{"start":{"line":5,"column":32},"end":{"line":31,"column":1}},"line":5}},"branchMap":{"0":{"loc":{"start":{"line":13,"column":72},"end":{"line":13,"column":136}},"type":"cond-expr","locations":[{"start":{"line":13,"column":98},"end":{"line":13,"column":120}},{"start":{"line":13,"column":123},"end":{"line":13,"column":136}}],"line":13},"1":{"loc":{"start":{"line":22,"column":74},"end":{"line":22,"column":123}},"type":"cond-expr","locations":[{"start":{"line":22,"column":87},"end":{"line":22,"column":108}},{"start":{"line":22,"column":111},"end":{"line":22,"column":123}}],"line":22}},"s":{"0":1,"1":1,"2":1,"3":1},"f":{"0":1},"b":{"0":[0,1],"1":[1,0]},"_coverageSchema":"1a1c01bbd47fc00a2c39e90264f33305004495a9","hash":"1740c1e8535765940cd3da06f0c6b449f9150b73"}
,"/home/jaar/projects/carBooking/app/javascript/components/Home/HomePage.js": {"path":"/home/jaar/projects/carBooking/app/javascript/components/Home/HomePage.js","statementMap":{"0":{"start":{"line":10,"column":17},"end":{"line":29,"column":1}},"1":{"start":{"line":11,"column":19},"end":{"line":11,"column":48}},"2":{"start":{"line":11,"column":42},"end":{"line":11,"column":47}},"3":{"start":{"line":12,"column":19},"end":{"line":12,"column":32}},"4":{"start":{"line":13,"column":23},"end":{"line":13,"column":62}},"5":{"start":{"line":14,"column":36},"end":{"line":14,"column":75}},"6":{"start":{"line":16,"column":2},"end":{"line":18,"column":9}},"7":{"start":{"line":17,"column":4},"end":{"line":17,"column":19}},"8":{"start":{"line":20,"column":2},"end":{"line":28,"column":4}}},"fnMap":{"0":{"name":"(anonymous_0)","decl":{"start":{"line":10,"column":17},"end":{"line":10,"column":18}},"loc":{"start":{"line":10,"column":23},"end":{"line":29,"column":1}},"line":10},"1":{"name":"(anonymous_1)","decl":{"start":{"line":11,"column":31},"end":{"line":11,"column":32}},"loc":{"start":{"line":11,"column":42},"end":{"line":11,"column":47}},"line":11},"2":{"name":"(anonymous_2)","decl":{"start":{"line":16,"column":12},"end":{"line":16,"column":13}},"loc":{"start":{"line":16,"column":18},"end":{"line":18,"column":3}},"line":16}},"branchMap":{"0":{"loc":{"start":{"line":21,"column":4},"end":{"line":27,"column":17}},"type":"cond-expr","locations":[{"start":{"line":22,"column":6},"end":{"line":25,"column":12}},{"start":{"line":27,"column":6},"end":{"line":27,"column":17}}],"line":21}},"s":{"0":1,"1":1,"2":1,"3":1,"4":1,"5":1,"6":1,"7":1,"8":1},"f":{"0":1,"1":1,"2":1},"b":{"0":[1,0]},"_coverageSchema":"1a1c01bbd47fc00a2c39e90264f33305004495a9","hash":"0667f17617254d377afe53168688c890832d31ff"}
,"/home/jaar/projects/carBooking/app/javascript/components/Home/PageIndicator.js": {"path":"/home/jaar/projects/carBooking/app/javascript/components/Home/PageIndicator.js","statementMap":{"0":{"start":{"line":4,"column":22},"end":{"line":21,"column":1}},"1":{"start":{"line":5,"column":40},"end":{"line":5,"column":45}},"2":{"start":{"line":7,"column":2},"end":{"line":20,"column":4}},"3":{"start":{"line":11,"column":36},"end":{"line":11,"column":128}},"4":{"start":{"line":16,"column":39},"end":{"line":16,"column":71}},"5":{"start":{"line":16,"column":95},"end":{"line":16,"column":178}},"6":{"start":{"line":23,"column":0},"end":{"line":27,"column":2}}},"fnMap":{"0":{"name":"(anonymous_0)","decl":{"start":{"line":4,"column":22},"end":{"line":4,"column":23}},"loc":{"start":{"line":4,"column":33},"end":{"line":21,"column":1}},"line":4},"1":{"name":"(anonymous_1)","decl":{"start":{"line":11,"column":19},"end":{"line":11,"column":20}},"loc":{"start":{"line":11,"column":36},"end":{"line":11,"column":128}},"line":11},"2":{"name":"(anonymous_2)","decl":{"start":{"line":16,"column":22},"end":{"line":16,"column":23}},"loc":{"start":{"line":16,"column":39},"end":{"line":16,"column":71}},"line":16},"3":{"name":"(anonymous_3)","decl":{"start":{"line":16,"column":78},"end":{"line":16,"column":79}},"loc":{"start":{"line":16,"column":95},"end":{"line":16,"column":178}},"line":16}},"branchMap":{"0":{"loc":{"start":{"line":11,"column":67},"end":{"line":11,"column":123}},"type":"cond-expr","locations":[{"start":{"line":11,"column":95},"end":{"line":11,"column":106}},{"start":{"line":11,"column":109},"end":{"line":11,"column":123}}],"line":11},"1":{"loc":{"start":{"line":16,"column":126},"end":{"line":16,"column":173}},"type":"cond-expr","locations":[{"start":{"line":16,"column":145},"end":{"line":16,"column":156}},{"start":{"line":16,"column":159},"end":{"line":16,"column":173}}],"line":16}},"s":{"0":1,"1":1,"2":1,"3":7,"4":7,"5":3,"6":1},"f":{"0":1,"1":7,"2":7,"3":3},"b":{"0":[1,6],"1":[1,2]},"_coverageSchema":"1a1c01bbd47fc00a2c39e90264f33305004495a9","hash":"66509bc0fd0dbed41e0d40307e0686baf92111c7"}
,"/home/jaar/projects/carBooking/app/javascript/test/mocks/casrMocks.js": {"path":"/home/jaar/projects/carBooking/app/javascript/test/mocks/casrMocks.js","statementMap":{"0":{"start":{"line":1,"column":17},"end":{"line":156,"column":2}},"1":{"start":{"line":1,"column":24},"end":{"line":156,"column":1}}},"fnMap":{"0":{"name":"(anonymous_0)","decl":{"start":{"line":1,"column":17},"end":{"line":1,"column":18}},"loc":{"start":{"line":1,"column":24},"end":{"line":156,"column":1}},"line":1}},"branchMap":{},"s":{"0":2,"1":3},"f":{"0":3},"b":{},"_coverageSchema":"1a1c01bbd47fc00a2c39e90264f33305004495a9","hash":"5aefb5694e066877c33d929343399750bd01f528"}
,"/home/jaar/projects/carBooking/app/javascript/test/mocks/styleMock.js": {"path":"/home/jaar/projects/carBooking/app/javascript/test/mocks/styleMock.js","statementMap":{},"fnMap":{},"branchMap":{},"s":{},"f":{},"b":{},"_coverageSchema":"1a1c01bbd47fc00a2c39e90264f33305004495a9","hash":"fd98972d2bf57233bb5f69b48c3e67d9673ef7dc"}
}
