TN:
SF:app/javascript/Redux/ConfigureStore.js
FNF:0
FNH:0
DA:8,2
DA:13,2
DA:15,2
LF:3
LH:3
BRF:0
BRH:0
end_of_record
TN:
SF:app/javascript/Redux/Home/Cars.js
FN:6,(anonymous_0)
FN:11,(anonymous_1)
FN:16,(anonymous_2)
FN:16,(anonymous_3)
FN:24,(anonymous_4)
FN:25,(anonymous_5)
FN:32,(anonymous_6)
FN:32,(anonymous_7)
FN:40,(anonymous_8)
FN:41,(anonymous_9)
FN:48,(anonymous_10)
FN:53,(anonymous_11)
FNF:12
FNH:4
FNDA:3,(anonymous_0)
FNDA:0,(anonymous_1)
FNDA:1,(anonymous_2)
FNDA:1,(anonymous_3)
FNDA:0,(anonymous_4)
FNDA:0,(anonymous_5)
FNDA:0,(anonymous_6)
FNDA:0,(anonymous_7)
FNDA:0,(anonymous_8)
FNDA:0,(anonymous_9)
FNDA:9,(anonymous_10)
FNDA:0,(anonymous_11)
DA:1,2
DA:2,2
DA:4,2
DA:6,3
DA:11,2
DA:16,2
DA:17,1
DA:18,1
DA:24,0
DA:26,0
DA:27,0
DA:32,2
DA:33,0
DA:34,0
DA:40,0
DA:42,0
DA:43,0
DA:48,2
DA:49,9
DA:51,3
DA:53,0
DA:55,6
LF:22
LH:13
BRDA:26,0,0,0
BRDA:26,0,1,0
BRDA:42,1,0,0
BRDA:42,1,1,0
BRDA:48,2,0,6
BRDA:49,3,0,3
BRDA:49,3,1,0
BRDA:49,3,2,6
BRF:8
BRH:3
end_of_record
TN:
SF:app/javascript/Redux/Reservation/Reservation.js
FN:7,(anonymous_0)
FN:12,(anonymous_1)
FN:17,(anonymous_2)
FN:17,(anonymous_3)
FN:25,(anonymous_4)
FN:26,(anonymous_5)
FN:33,(anonymous_6)
FN:33,(anonymous_7)
FN:42,(anonymous_8)
FN:43,(anonymous_9)
FN:50,(anonymous_10)
FN:50,(anonymous_11)
FN:57,(anonymous_12)
FN:58,(anonymous_13)
FN:65,(anonymous_14)
FN:80,(anonymous_15)
FNF:16
FNH:1
FNDA:0,(anonymous_0)
FNDA:0,(anonymous_1)
FNDA:0,(anonymous_2)
FNDA:0,(anonymous_3)
FNDA:0,(anonymous_4)
FNDA:0,(anonymous_5)
FNDA:0,(anonymous_6)
FNDA:0,(anonymous_7)
FNDA:0,(anonymous_8)
FNDA:0,(anonymous_9)
FNDA:0,(anonymous_10)
FNDA:0,(anonymous_11)
FNDA:0,(anonymous_12)
FNDA:0,(anonymous_13)
FNDA:9,(anonymous_14)
FNDA:0,(anonymous_15)
DA:1,2
DA:2,2
DA:3,2
DA:5,2
DA:7,2
DA:12,2
DA:17,2
DA:18,0
DA:19,0
DA:25,0
DA:27,0
DA:28,0
DA:33,2
DA:34,0
DA:35,0
DA:42,0
DA:44,0
DA:45,0
DA:50,2
DA:51,0
DA:52,0
DA:57,0
DA:59,0
DA:60,0
DA:65,2
DA:66,9
DA:68,0
DA:74,0
DA:76,0
DA:80,0
DA:84,9
LF:31
LH:12
BRDA:27,0,0,0
BRDA:27,0,1,0
BRDA:44,1,0,0
BRDA:44,1,1,0
BRDA:59,2,0,0
BRDA:59,2,1,0
BRDA:65,3,0,6
BRDA:66,4,0,0
BRDA:66,4,1,0
BRDA:66,4,2,0
BRDA:66,4,3,9
BRF:11
BRH:2
end_of_record
TN:
SF:app/javascript/Redux/Session/Session.js
FN:10,(anonymous_0)
FN:15,(anonymous_1)
FN:20,(anonymous_2)
FN:20,(anonymous_3)
FN:28,(anonymous_4)
FN:29,(anonymous_5)
FN:36,(anonymous_6)
FN:36,(anonymous_7)
FN:44,(anonymous_8)
FN:45,(anonymous_9)
FN:52,(anonymous_10)
FN:56,(anonymous_11)
FNF:12
FNH:1
FNDA:0,(anonymous_0)
FNDA:0,(anonymous_1)
FNDA:0,(anonymous_2)
FNDA:0,(anonymous_3)
FNDA:0,(anonymous_4)
FNDA:0,(anonymous_5)
FNDA:0,(anonymous_6)
FNDA:0,(anonymous_7)
FNDA:0,(anonymous_8)
FNDA:0,(anonymous_9)
FNDA:0,(anonymous_10)
FNDA:9,(anonymous_11)
DA:1,2
DA:2,2
DA:4,2
DA:5,2
DA:6,2
DA:7,0
DA:10,2
DA:15,2
DA:20,2
DA:21,0
DA:28,0
DA:30,0
DA:31,0
DA:36,2
DA:37,0
DA:44,0
DA:46,0
DA:47,0
DA:52,2
DA:53,0
DA:56,2
DA:57,9
DA:59,0
DA:60,0
DA:66,0
DA:67,0
DA:69,9
LF:27
LH:13
BRDA:6,0,0,0
BRDA:6,0,1,2
BRDA:30,1,0,0
BRDA:30,1,1,0
BRDA:46,2,0,0
BRDA:46,2,1,0
BRDA:56,3,0,6
BRDA:57,4,0,0
BRDA:57,4,1,0
BRDA:57,4,2,9
BRF:10
BRH:3
end_of_record
TN:
SF:app/javascript/components/Loading.js
FN:4,(anonymous_0)
FNF:1
FNH:1
FNDA:1,(anonymous_0)
DA:4,1
DA:5,1
LF:2
LH:2
BRF:0
BRH:0
end_of_record
TN:
SF:app/javascript/components/Home/Car.js
FN:7,(anonymous_0)
FN:21,(anonymous_1)
FNF:2
FNH:1
FNDA:14,(anonymous_0)
FNDA:0,(anonymous_1)
DA:7,1
DA:8,14
DA:11,14
DA:13,14
DA:21,0
DA:42,1
LF:6
LH:5
BRF:0
BRH:0
end_of_record
TN:
SF:app/javascript/components/Home/CarList.js
FN:9,(anonymous_0)
FN:14,(anonymous_1)
FN:18,(anonymous_2)
FN:22,(anonymous_3)
FN:26,(anonymous_4)
FN:45,(anonymous_5)
FN:62,(anonymous_6)
FNF:7
FNH:3
FNDA:1,(anonymous_0)
FNDA:0,(anonymous_1)
FNDA:0,(anonymous_2)
FNDA:0,(anonymous_3)
FNDA:0,(anonymous_4)
FNDA:7,(anonymous_5)
FNDA:7,(anonymous_6)
DA:9,1
DA:10,1
DA:11,1
DA:12,1
DA:14,1
DA:15,0
DA:18,1
DA:19,0
DA:22,1
DA:23,0
DA:26,1
DA:27,0
DA:30,1
DA:46,7
DA:63,7
DA:90,1
LF:16
LH:12
BRF:0
BRH:0
end_of_record
TN:
SF:app/javascript/components/Home/CarShownPage.js
FN:10,(anonymous_0)
FN:20,(anonymous_1)
FNF:2
FNH:1
FNDA:1,(anonymous_0)
FNDA:0,(anonymous_1)
DA:10,1
DA:11,1
DA:15,1
DA:17,1
DA:20,0
DA:66,1
LF:6
LH:5
BRDA:15,0,0,0
BRDA:15,0,1,1
BRDA:18,1,0,0
BRDA:18,1,1,1
BRDA:19,2,0,0
BRDA:19,2,1,0
BRF:6
BRH:2
end_of_record
TN:
SF:app/javascript/components/Home/HomeAbuttons.js
FN:5,(anonymous_0)
FNF:1
FNH:1
FNDA:1,(anonymous_0)
DA:5,1
DA:8,1
DA:10,1
DA:32,1
LF:4
LH:4
BRDA:13,0,0,1
BRDA:13,0,1,0
BRDA:21,1,0,0
BRDA:21,1,1,1
BRF:4
BRH:2
end_of_record
TN:
SF:app/javascript/components/Home/HomeBbuttons.js
FN:5,(anonymous_0)
FNF:1
FNH:1
FNDA:1,(anonymous_0)
DA:5,1
DA:8,1
DA:10,1
DA:33,1
LF:4
LH:4
BRDA:13,0,0,0
BRDA:13,0,1,1
BRDA:22,1,0,1
BRDA:22,1,1,0
BRF:4
BRH:2
end_of_record
TN:
SF:app/javascript/components/Home/HomePage.js
FN:10,(anonymous_0)
FN:11,(anonymous_1)
FN:16,(anonymous_2)
FNF:3
FNH:3
FNDA:1,(anonymous_0)
FNDA:1,(anonymous_1)
FNDA:1,(anonymous_2)
DA:10,1
DA:11,1
DA:12,1
DA:13,1
DA:14,1
DA:16,1
DA:17,1
DA:20,1
LF:8
LH:8
BRDA:21,0,0,1
BRDA:21,0,1,0
BRF:2
BRH:1
end_of_record
TN:
SF:app/javascript/components/Home/PageIndicator.js
FN:4,(anonymous_0)
FN:11,(anonymous_1)
FN:16,(anonymous_2)
FN:16,(anonymous_3)
FNF:4
FNH:4
FNDA:1,(anonymous_0)
FNDA:7,(anonymous_1)
FNDA:7,(anonymous_2)
FNDA:3,(anonymous_3)
DA:4,1
DA:5,1
DA:7,1
DA:11,7
DA:16,7
DA:23,1
LF:6
LH:6
BRDA:11,0,0,1
BRDA:11,0,1,6
BRDA:16,1,0,1
BRDA:16,1,1,2
BRF:4
BRH:4
end_of_record
TN:
SF:app/javascript/test/mocks/casrMocks.js
FN:1,(anonymous_0)
FNF:1
FNH:1
FNDA:3,(anonymous_0)
DA:1,3
LF:1
LH:1
BRF:0
BRH:0
end_of_record
TN:
SF:app/javascript/test/mocks/styleMock.js
FNF:0
FNH:0
LF:0
LH:0
BRF:0
BRH:0
end_of_record
